# JRE version: Java(TM) SE Runtime Environment (8.0_221-b11) (build 1.8.0_221-b11)
# Java VM: Java HotSpot(TM) 64-Bit Server VM (25.221-b11 mixed mode windows-amd64 compressed oops)
Heap:
 PSYoungGen      total 232960K, used 1184K [0x00000000eee00000, 0x00000000ffe80000, 0x0000000100000000)
  eden space 212992K, 0% used [0x00000000eee00000,0x00000000eee00000,0x00000000fbe00000)
  from space 19968K, 5% used [0x00000000fd180000,0x00000000fd2a8000,0x00000000fe500000)
  to   space 19968K, 0% used [0x00000000fbe00000,0x00000000fbe00000,0x00000000fd180000)
 ParOldGen       total 49152K, used 44836K [0x00000000cca00000, 0x00000000cfa00000, 0x00000000eee00000)
  object space 49152K, 91% used [0x00000000cca00000,0x00000000cf5c91f8,0x00000000cfa00000)
 Metaspace       used 30647K, capacity 31534K, committed 31744K, reserved 1077248K
  class space    used 3538K, capacity 3780K, committed 3840K, reserved 1048576K
GC Heap History (10 events):
Event: 4.096 GC heap after
Heap after GC invocations=9 (full 0):
 PSYoungGen      total 114176K, used 11776K [0x00000000eee00000, 0x00000000fac00000, 0x0000000100000000)
  eden space 102400K, 0% used [0x00000000eee00000,0x00000000eee00000,0x00000000f5200000)
  from space 11776K, 100% used [0x00000000f5200000,0x00000000f5d80000,0x00000000f5d80000)
  to   space 15360K, 0% used [0x00000000f9d00000,0x00000000f9d00000,0x00000000fac00000)
 ParOldGen       total 35840K, used 17298K [0x00000000cca00000, 0x00000000ced00000, 0x00000000eee00000)
  object space 35840K, 48% used [0x00000000cca00000,0x00000000cdae4848,0x00000000ced00000)
 Metaspace       used 16704K, capacity 17110K, committed 17280K, reserved 1064960K
  class space    used 1963K, capacity 2097K, committed 2176K, reserved 1048576K
}
Event: 4.743 GC heap before
{Heap before GC invocations=10 (full 0):
 PSYoungGen      total 114176K, used 48828K [0x00000000eee00000, 0x00000000fac00000, 0x0000000100000000)
  eden space 102400K, 36% used [0x00000000eee00000,0x00000000f122f298,0x00000000f5200000)
  from space 11776K, 100% used [0x00000000f5200000,0x00000000f5d80000,0x00000000f5d80000)
  to   space 15360K, 0% used [0x00000000f9d00000,0x00000000f9d00000,0x00000000fac00000)
 ParOldGen       total 35840K, used 17298K [0x00000000cca00000, 0x00000000ced00000, 0x00000000eee00000)
  object space 35840K, 48% used [0x00000000cca00000,0x00000000cdae4848,0x00000000ced00000)
 Metaspace       used 20614K, capacity 21148K, committed 21296K, reserved 1069056K
  class space    used 2464K, capacity 2658K, committed 2688K, reserved 1048576K
Event: 4.761 GC heap after
Heap after GC invocations=10 (full 0):
 PSYoungGen      total 179200K, used 8609K [0x00000000eee00000, 0x00000000fac00000, 0x0000000100000000)
  eden space 163840K, 0% used [0x00000000eee00000,0x00000000eee00000,0x00000000f8e00000)
  from space 15360K, 56% used [0x00000000f9d00000,0x00000000fa5684e8,0x00000000fac00000)
  to   space 15360K, 0% used [0x00000000f8e00000,0x00000000f8e00000,0x00000000f9d00000)
 ParOldGen       total 35840K, used 23488K [0x00000000cca00000, 0x00000000ced00000, 0x00000000eee00000)
  object space 35840K, 65% used [0x00000000cca00000,0x00000000ce0f0318,0x00000000ced00000)
 Metaspace       used 20614K, capacity 21148K, committed 21296K, reserved 1069056K
  class space    used 2464K, capacity 2658K, committed 2688K, reserved 1048576K
}
Event: 4.761 GC heap before
{Heap before GC invocations=11 (full 1):
 PSYoungGen      total 179200K, used 8609K [0x00000000eee00000, 0x00000000fac00000, 0x0000000100000000)
  eden space 163840K, 0% used [0x00000000eee00000,0x00000000eee00000,0x00000000f8e00000)
  from space 15360K, 56% used [0x00000000f9d00000,0x00000000fa5684e8,0x00000000fac00000)
  to   space 15360K, 0% used [0x00000000f8e00000,0x00000000f8e00000,0x00000000f9d00000)
 ParOldGen       total 35840K, used 23488K [0x00000000cca00000, 0x00000000ced00000, 0x00000000eee00000)
  object space 35840K, 65% used [0x00000000cca00000,0x00000000ce0f0318,0x00000000ced00000)
 Metaspace       used 20614K, capacity 21148K, committed 21296K, reserved 1069056K
  class space    used 2464K, capacity 2658K, committed 2688K, reserved 1048576K
Event: 4.883 GC heap after
Heap after GC invocations=11 (full 1):
 PSYoungGen      total 179200K, used 0K [0x00000000eee00000, 0x00000000fac00000, 0x0000000100000000)
  eden space 163840K, 0% used [0x00000000eee00000,0x00000000eee00000,0x00000000f8e00000)
  from space 15360K, 0% used [0x00000000f9d00000,0x00000000f9d00000,0x00000000fac00000)
  to   space 15360K, 0% used [0x00000000f8e00000,0x00000000f8e00000,0x00000000f9d00000)
 ParOldGen       total 49152K, used 23015K [0x00000000cca00000, 0x00000000cfa00000, 0x00000000eee00000)
  object space 49152K, 46% used [0x00000000cca00000,0x00000000ce079e68,0x00000000cfa00000)
 Metaspace       used 20614K, capacity 21148K, committed 21296K, reserved 1069056K
  class space    used 2464K, capacity 2658K, committed 2688K, reserved 1048576K
}
Event: 10.729 GC heap before
{Heap before GC invocations=12 (full 1):
 PSYoungGen      total 179200K, used 163048K [0x00000000eee00000, 0x00000000fac00000, 0x0000000100000000)
  eden space 163840K, 99% used [0x00000000eee00000,0x00000000f8d3a2d0,0x00000000f8e00000)
  from space 15360K, 0% used [0x00000000f9d00000,0x00000000f9d00000,0x00000000fac00000)
  to   space 15360K, 0% used [0x00000000f8e00000,0x00000000f8e00000,0x00000000f9d00000)
 ParOldGen       total 49152K, used 23015K [0x00000000cca00000, 0x00000000cfa00000, 0x00000000eee00000)
  object space 49152K, 46% used [0x00000000cca00000,0x00000000ce079e68,0x00000000cfa00000)
 Metaspace       used 30409K, capacity 31208K, committed 31488K, reserved 1077248K
  class space    used 3538K, capacity 3779K, committed 3840K, reserved 1048576K
Event: 10.756 GC heap after
Heap after GC invocations=12 (full 1):
 PSYoungGen      total 179200K, used 15331K [0x00000000eee00000, 0x00000000fe500000, 0x0000000100000000)
  eden space 163840K, 0% used [0x00000000eee00000,0x00000000eee00000,0x00000000f8e00000)
  from space 15360K, 99% used [0x00000000f8e00000,0x00000000f9cf8eb8,0x00000000f9d00000)
  to   space 19968K, 0% used [0x00000000fd180000,0x00000000fd180000,0x00000000fe500000)
 ParOldGen       total 49152K, used 29590K [0x00000000cca00000, 0x00000000cfa00000, 0x00000000eee00000)
  object space 49152K, 60% used [0x00000000cca00000,0x00000000ce6e5858,0x00000000cfa00000)
 Metaspace       used 30409K, capacity 31208K, committed 31488K, reserved 1077248K
  class space    used 3538K, capacity 3779K, committed 3840K, reserved 1048576K
}
Event: 35.865 GC heap before
{Heap before GC invocations=13 (full 1):
 PSYoungGen      total 179200K, used 179171K [0x00000000eee00000, 0x00000000fe500000, 0x0000000100000000)
  eden space 163840K, 100% used [0x00000000eee00000,0x00000000f8e00000,0x00000000f8e00000)
  from space 15360K, 99% used [0x00000000f8e00000,0x00000000f9cf8eb8,0x00000000f9d00000)
  to   space 19968K, 0% used [0x00000000fd180000,0x00000000fd180000,0x00000000fe500000)
 ParOldGen       total 49152K, used 29590K [0x00000000cca00000, 0x00000000cfa00000, 0x00000000eee00000)
  object space 49152K, 60% used [0x00000000cca00000,0x00000000ce6e5858,0x00000000cfa00000)
 Metaspace       used 30647K, capacity 31534K, committed 31744K, reserved 1077248K
  class space    used 3538K, capacity 3780K, committed 3840K, reserved 1048576K
Event: 44.755 GC heap after
Heap after GC invocations=13 (full 1):
 PSYoungGen      total 232960K, used 1184K [0x00000000eee00000, 0x00000000ffe80000, 0x0000000100000000)
  eden space 212992K, 0% used [0x00000000eee00000,0x00000000eee00000,0x00000000fbe00000)
  from space 19968K, 5% used [0x00000000fd180000,0x00000000fd2a8000,0x00000000fe500000)
  to   space 19968K, 0% used [0x00000000fbe00000,0x00000000fbe00000,0x00000000fd180000)
 ParOldGen       total 49152K, used 44836K [0x00000000cca00000, 0x00000000cfa00000, 0x00000000eee00000)
  object space 49152K, 91% used [0x00000000cca00000,0x00000000cf5c91f8,0x00000000cfa00000)
 Metaspace       used 30647K, capacity 31534K, committed 31744K, reserved 1077248K
  class space    used 3538K, capacity 3780K, committed 3840K, reserved 1048576K
}
Event: 44.763 GC heap before
{Heap before GC invocations=14 (full 2):
 PSYoungGen      total 232960K, used 1184K [0x00000000eee00000, 0x00000000ffe80000, 0x0000000100000000)
  eden space 212992K, 0% used [0x00000000eee00000,0x00000000eee00000,0x00000000fbe00000)
  from space 19968K, 5% used [0x00000000fd180000,0x00000000fd2a8000,0x00000000fe500000)
  to   space 19968K, 0% used [0x00000000fbe00000,0x00000000fbe00000,0x00000000fd180000)
 ParOldGen       total 49152K, used 44836K [0x00000000cca00000, 0x00000000cfa00000, 0x00000000eee00000)
  object space 49152K, 91% used [0x00000000cca00000,0x00000000cf5c91f8,0x00000000cfa00000)
 Metaspace       used 30647K, capacity 31534K, committed 31744K, reserved 1077248K
  class space    used 3538K, capacity 3780K, committed 3840K, reserved 1048576K

